Replace Part C1 Cap3 in E:\AAA Univercity\Acadamics\Sem3\WorkPlace\Laboratory Practice - II\Project\PCB\Fucntion_Generator_Project\MainSheet.SchDoc with Cap3 from Common Parts.IntLib
Replace Part C2 Cap3 in E:\AAA Univercity\Acadamics\Sem3\WorkPlace\Laboratory Practice - II\Project\PCB\Fucntion_Generator_Project\MainSheet.SchDoc with Cap3 from Common Parts.IntLib
Replace Part C3 Cap3 in E:\AAA Univercity\Acadamics\Sem3\WorkPlace\Laboratory Practice - II\Project\PCB\Fucntion_Generator_Project\MainSheet.SchDoc with Cap3 from Common Parts.IntLib
Replace Part C4 Cap3 in E:\AAA Univercity\Acadamics\Sem3\WorkPlace\Laboratory Practice - II\Project\PCB\Fucntion_Generator_Project\MainSheet.SchDoc with Cap3 from Common Parts.IntLib
Replace Part D1 1N4007 in E:\AAA Univercity\Acadamics\Sem3\WorkPlace\Laboratory Practice - II\Project\PCB\Fucntion_Generator_Project\MainSheet.SchDoc with 1N4007 from Common Parts.IntLib
Replace Part D2 1N4007 in E:\AAA Univercity\Acadamics\Sem3\WorkPlace\Laboratory Practice - II\Project\PCB\Fucntion_Generator_Project\MainSheet.SchDoc with 1N4007 from Common Parts.IntLib
Replace Part D3 1N4007 in E:\AAA Univercity\Acadamics\Sem3\WorkPlace\Laboratory Practice - II\Project\PCB\Fucntion_Generator_Project\MainSheet.SchDoc with 1N4007 from Common Parts.IntLib
Replace Part D4 1N4007 in E:\AAA Univercity\Acadamics\Sem3\WorkPlace\Laboratory Practice - II\Project\PCB\Fucntion_Generator_Project\MainSheet.SchDoc with 1N4007 from Common Parts.IntLib
Replace Part D5 1N4007 in E:\AAA Univercity\Acadamics\Sem3\WorkPlace\Laboratory Practice - II\Project\PCB\Fucntion_Generator_Project\MainSheet.SchDoc with 1N4007 from Common Parts.IntLib
Replace Part D6 1N4007 in E:\AAA Univercity\Acadamics\Sem3\WorkPlace\Laboratory Practice - II\Project\PCB\Fucntion_Generator_Project\MainSheet.SchDoc with 1N4007 from Common Parts.IntLib
Replace Part D7 1N4007 in E:\AAA Univercity\Acadamics\Sem3\WorkPlace\Laboratory Practice - II\Project\PCB\Fucntion_Generator_Project\MainSheet.SchDoc with 1N4007 from Common Parts.IntLib
Replace Part D8 1N4007 in E:\AAA Univercity\Acadamics\Sem3\WorkPlace\Laboratory Practice - II\Project\PCB\Fucntion_Generator_Project\MainSheet.SchDoc with 1N4007 from Common Parts.IntLib
Replace Part OUT SigOut in E:\AAA Univercity\Acadamics\Sem3\WorkPlace\Laboratory Practice - II\Project\PCB\Fucntion_Generator_Project\MainSheet.SchDoc with SigOut from Common Parts.IntLib
Replace Part PWR PWR3 in E:\AAA Univercity\Acadamics\Sem3\WorkPlace\Laboratory Practice - II\Project\PCB\Fucntion_Generator_Project\MainSheet.SchDoc with PWR3 from Common Parts.IntLib
Update Managed Component Q1 From CMP-1048-01139-1[TIP31] To CMP-1048-01139-1[TIP31] in MainSheet.SchDoc
Replace Part Q2 A733 in E:\AAA Univercity\Acadamics\Sem3\WorkPlace\Laboratory Practice - II\Project\PCB\Fucntion_Generator_Project\MainSheet.SchDoc with A733 from Common Parts.IntLib
Update Managed Component Q3 From CMP-1048-01071-1[TIP32] To CMP-1048-01071-1[TIP32] in MainSheet.SchDoc
Replace Part Q4 C828 in E:\AAA Univercity\Acadamics\Sem3\WorkPlace\Laboratory Practice - II\Project\PCB\Fucntion_Generator_Project\MainSheet.SchDoc with C828 from Common Parts.IntLib
Replace Part R1 Res1 in E:\AAA Univercity\Acadamics\Sem3\WorkPlace\Laboratory Practice - II\Project\PCB\Fucntion_Generator_Project\MainSheet.SchDoc with Res1 from Common Parts.IntLib
Replace Part R2 Res1 in E:\AAA Univercity\Acadamics\Sem3\WorkPlace\Laboratory Practice - II\Project\PCB\Fucntion_Generator_Project\MainSheet.SchDoc with Res1 from Common Parts.IntLib
Replace Part R3 Res1 in E:\AAA Univercity\Acadamics\Sem3\WorkPlace\Laboratory Practice - II\Project\PCB\Fucntion_Generator_Project\MainSheet.SchDoc with Res1 from Common Parts.IntLib
Replace Part R4 Res1 in E:\AAA Univercity\Acadamics\Sem3\WorkPlace\Laboratory Practice - II\Project\PCB\Fucntion_Generator_Project\MainSheet.SchDoc with Res1 from Common Parts.IntLib
Replace Part R5 Res1 in E:\AAA Univercity\Acadamics\Sem3\WorkPlace\Laboratory Practice - II\Project\PCB\Fucntion_Generator_Project\MainSheet.SchDoc with Res1 from Common Parts.IntLib
Replace Part R6 Res1 in E:\AAA Univercity\Acadamics\Sem3\WorkPlace\Laboratory Practice - II\Project\PCB\Fucntion_Generator_Project\MainSheet.SchDoc with Res1 from Common Parts.IntLib
Replace Part R7 Res1 in E:\AAA Univercity\Acadamics\Sem3\WorkPlace\Laboratory Practice - II\Project\PCB\Fucntion_Generator_Project\MainSheet.SchDoc with Res1 from Common Parts.IntLib
Replace Part R8 Res1 in E:\AAA Univercity\Acadamics\Sem3\WorkPlace\Laboratory Practice - II\Project\PCB\Fucntion_Generator_Project\MainSheet.SchDoc with Res1 from Common Parts.IntLib
Replace Part R9 Res1 in E:\AAA Univercity\Acadamics\Sem3\WorkPlace\Laboratory Practice - II\Project\PCB\Fucntion_Generator_Project\MainSheet.SchDoc with Res1 from Common Parts.IntLib
Replace Part RSW1 RotarySwitch in E:\AAA Univercity\Acadamics\Sem3\WorkPlace\Laboratory Practice - II\Project\PCB\Fucntion_Generator_Project\MainSheet.SchDoc with RotarySwitch from Integrated_Library_Rotary.IntLib
Update Managed Component U1 From CMP-0017-00818-2[TL084CN] To CMP-0017-00818-2[TL084CN] in MainSheet.SchDoc
Update Managed Component U1 From CMP-0017-00818-2[TL084CN] To CMP-0017-00818-2[TL084CN] in MainSheet.SchDoc
Update Managed Component U1 From CMP-0017-00818-2[TL084CN] To CMP-0017-00818-2[TL084CN] in MainSheet.SchDoc
Update Managed Component U1 From CMP-0017-00818-2[TL084CN] To CMP-0017-00818-2[TL084CN] in MainSheet.SchDoc
Update Managed Component U2 From CMP-0055-00193-2[LF412CN] To CMP-0055-00193-2[LF412CN] in MainSheet.SchDoc
Replace Part VR1 VR3 in E:\AAA Univercity\Acadamics\Sem3\WorkPlace\Laboratory Practice - II\Project\PCB\Fucntion_Generator_Project\MainSheet.SchDoc with VR3 from Common Parts.IntLib
Replace Part VR2 VR3 in E:\AAA Univercity\Acadamics\Sem3\WorkPlace\Laboratory Practice - II\Project\PCB\Fucntion_Generator_Project\MainSheet.SchDoc with VR3 from Common Parts.IntLib
Replace Part VR3 VR2 in E:\AAA Univercity\Acadamics\Sem3\WorkPlace\Laboratory Practice - II\Project\PCB\Fucntion_Generator_Project\MainSheet.SchDoc with VR2 from Common Parts.IntLib
Replace Part VR4 VR2 in E:\AAA Univercity\Acadamics\Sem3\WorkPlace\Laboratory Practice - II\Project\PCB\Fucntion_Generator_Project\MainSheet.SchDoc with VR2 from Common Parts.IntLib
Replace Part VR5 VR2 in E:\AAA Univercity\Acadamics\Sem3\WorkPlace\Laboratory Practice - II\Project\PCB\Fucntion_Generator_Project\MainSheet.SchDoc with VR2 from Common Parts.IntLib
Replace Part VR6 VR3 in E:\AAA Univercity\Acadamics\Sem3\WorkPlace\Laboratory Practice - II\Project\PCB\Fucntion_Generator_Project\MainSheet.SchDoc with VR3 from Common Parts.IntLib
Replace Part VR7 VR3 in E:\AAA Univercity\Acadamics\Sem3\WorkPlace\Laboratory Practice - II\Project\PCB\Fucntion_Generator_Project\MainSheet.SchDoc with VR3 from Common Parts.IntLib
Replace Part VR8 VR2 in E:\AAA Univercity\Acadamics\Sem3\WorkPlace\Laboratory Practice - II\Project\PCB\Fucntion_Generator_Project\MainSheet.SchDoc with VR2 from Common Parts.IntLib
